<?xml version="1.0" encoding="UTF-8"?>
<testsuite xmlns:xsi="http://www.w3.org/2001/XMLSchema-instance" xsi:noNamespaceSchemaLocation="https://maven.apache.org/surefire/maven-surefire-plugin/xsd/surefire-test-report-3.0.xsd" version="3.0" name="ReqResAutomation.postAPIAgeniticAITest" time="20.714" tests="3" errors="0" skipped="0" failures="0">
  <properties>
    <property name="java.specification.version" value="23"/>
    <property name="sun.jnu.encoding" value="UTF-8"/>
    <property name="java.class.path" value="/Users/aviralsingh/Downloads/restAssured_apiAutomation/target/test-classes:/Users/aviralsingh/Downloads/restAssured_apiAutomation/target/classes:/Users/aviralsingh/.m2/repository/io/rest-assured/rest-assured/5.4.0/rest-assured-5.4.0.jar:/Users/aviralsingh/.m2/repository/org/apache/groovy/groovy/4.0.16/groovy-4.0.16.jar:/Users/aviralsingh/.m2/repository/org/apache/groovy/groovy-xml/4.0.16/groovy-xml-4.0.16.jar:/Users/aviralsingh/.m2/repository/org/apache/httpcomponents/httpclient/4.5.13/httpclient-4.5.13.jar:/Users/aviralsingh/.m2/repository/org/apache/httpcomponents/httpcore/4.4.13/httpcore-4.4.13.jar:/Users/aviralsingh/.m2/repository/commons-logging/commons-logging/1.2/commons-logging-1.2.jar:/Users/aviralsingh/.m2/repository/commons-codec/commons-codec/1.11/commons-codec-1.11.jar:/Users/aviralsingh/.m2/repository/org/apache/httpcomponents/httpmime/4.5.13/httpmime-4.5.13.jar:/Users/aviralsingh/.m2/repository/org/hamcrest/hamcrest/2.2/hamcrest-2.2.jar:/Users/aviralsingh/.m2/repository/org/ccil/cowan/tagsoup/tagsoup/1.2.1/tagsoup-1.2.1.jar:/Users/aviralsingh/.m2/repository/io/rest-assured/json-path/5.4.0/json-path-5.4.0.jar:/Users/aviralsingh/.m2/repository/org/apache/groovy/groovy-json/4.0.16/groovy-json-4.0.16.jar:/Users/aviralsingh/.m2/repository/io/rest-assured/rest-assured-common/5.4.0/rest-assured-common-5.4.0.jar:/Users/aviralsingh/.m2/repository/io/rest-assured/xml-path/5.4.0/xml-path-5.4.0.jar:/Users/aviralsingh/.m2/repository/org/testng/testng/7.10.1/testng-7.10.1.jar:/Users/aviralsingh/.m2/repository/org/slf4j/slf4j-api/1.7.36/slf4j-api-1.7.36.jar:/Users/aviralsingh/.m2/repository/com/beust/jcommander/1.82/jcommander-1.82.jar:/Users/aviralsingh/.m2/repository/org/webjars/jquery/3.7.1/jquery-3.7.1.jar:/Users/aviralsingh/.m2/repository/com/fasterxml/jackson/core/jackson-databind/2.17.1/jackson-databind-2.17.1.jar:/Users/aviralsingh/.m2/repository/com/fasterxml/jackson/core/jackson-annotations/2.17.1/jackson-annotations-2.17.1.jar:/Users/aviralsingh/.m2/repository/com/fasterxml/jackson/core/jackson-core/2.17.1/jackson-core-2.17.1.jar:/Users/aviralsingh/.m2/repository/org/apache/logging/log4j/log4j-api/2.22.1/log4j-api-2.22.1.jar:/Users/aviralsingh/.m2/repository/org/apache/logging/log4j/log4j-core/2.22.1/log4j-core-2.22.1.jar:/Users/aviralsingh/.m2/repository/org/apache/poi/poi-ooxml/5.2.5/poi-ooxml-5.2.5.jar:/Users/aviralsingh/.m2/repository/org/apache/poi/poi/5.2.5/poi-5.2.5.jar:/Users/aviralsingh/.m2/repository/org/apache/commons/commons-math3/3.6.1/commons-math3-3.6.1.jar:/Users/aviralsingh/.m2/repository/com/zaxxer/SparseBitSet/1.3/SparseBitSet-1.3.jar:/Users/aviralsingh/.m2/repository/org/apache/poi/poi-ooxml-lite/5.2.5/poi-ooxml-lite-5.2.5.jar:/Users/aviralsingh/.m2/repository/org/apache/xmlbeans/xmlbeans/5.2.0/xmlbeans-5.2.0.jar:/Users/aviralsingh/.m2/repository/org/apache/commons/commons-compress/1.25.0/commons-compress-1.25.0.jar:/Users/aviralsingh/.m2/repository/commons-io/commons-io/2.15.0/commons-io-2.15.0.jar:/Users/aviralsingh/.m2/repository/com/github/virtuald/curvesapi/1.08/curvesapi-1.08.jar:/Users/aviralsingh/.m2/repository/org/apache/commons/commons-collections4/4.4/commons-collections4-4.4.jar:/Users/aviralsingh/.m2/repository/com/opencsv/opencsv/5.9/opencsv-5.9.jar:/Users/aviralsingh/.m2/repository/org/apache/commons/commons-lang3/3.13.0/commons-lang3-3.13.0.jar:/Users/aviralsingh/.m2/repository/org/apache/commons/commons-text/1.11.0/commons-text-1.11.0.jar:/Users/aviralsingh/.m2/repository/commons-beanutils/commons-beanutils/1.9.4/commons-beanutils-1.9.4.jar:/Users/aviralsingh/.m2/repository/commons-collections/commons-collections/3.2.2/commons-collections-3.2.2.jar:/Users/aviralsingh/.m2/repository/org/slf4j/slf4j-simple/2.0.9/slf4j-simple-2.0.9.jar:/Users/aviralsingh/.m2/repository/io/qameta/allure/allure-testng/2.24.0/allure-testng-2.24.0.jar:/Users/aviralsingh/.m2/repository/io/qameta/allure/allure-java-commons/2.24.0/allure-java-commons-2.24.0.jar:/Users/aviralsingh/.m2/repository/io/qameta/allure/allure-model/2.24.0/allure-model-2.24.0.jar:/Users/aviralsingh/.m2/repository/io/qameta/allure/allure-test-filter/2.24.0/allure-test-filter-2.24.0.jar:/Users/aviralsingh/.m2/repository/com/squareup/okhttp3/okhttp/4.9.3/okhttp-4.9.3.jar:/Users/aviralsingh/.m2/repository/com/squareup/okio/okio/2.8.0/okio-2.8.0.jar:/Users/aviralsingh/.m2/repository/org/jetbrains/kotlin/kotlin-stdlib-common/1.4.0/kotlin-stdlib-common-1.4.0.jar:/Users/aviralsingh/.m2/repository/org/jetbrains/kotlin/kotlin-stdlib/1.4.10/kotlin-stdlib-1.4.10.jar:/Users/aviralsingh/.m2/repository/org/jetbrains/annotations/13.0/annotations-13.0.jar:/Users/aviralsingh/.m2/repository/org/json/json/20210307/json-20210307.jar:/Users/aviralsingh/.m2/repository/com/aventstack/extentreports/5.1.1/extentreports-5.1.1.jar:/Users/aviralsingh/.m2/repository/io/reactivex/rxjava3/rxjava/3.1.6/rxjava-3.1.6.jar:/Users/aviralsingh/.m2/repository/org/reactivestreams/reactive-streams/1.0.4/reactive-streams-1.0.4.jar:/Users/aviralsingh/.m2/repository/org/freemarker/freemarker/2.3.32/freemarker-2.3.32.jar:/Users/aviralsingh/.m2/repository/org/projectlombok/lombok/1.18.26/lombok-1.18.26.jar:/Users/aviralsingh/.m2/repository/com/google/code/gson/gson/2.10.1/gson-2.10.1.jar:"/>
    <property name="java.vm.vendor" value="Homebrew"/>
    <property name="sun.arch.data.model" value="64"/>
    <property name="java.vendor.url" value="https://github.com/Homebrew/homebrew-core/issues"/>
    <property name="user.timezone" value="Asia/Kolkata"/>
    <property name="os.name" value="Mac OS X"/>
    <property name="java.vm.specification.version" value="23"/>
    <property name="sun.java.launcher" value="SUN_STANDARD"/>
    <property name="user.country" value="IN"/>
    <property name="sun.boot.library.path" value="/opt/homebrew/Cellar/openjdk/23.0.2/libexec/openjdk.jdk/Contents/Home/lib"/>
    <property name="sun.java.command" value="/Users/aviralsingh/Downloads/restAssured_apiAutomation/target/surefire/surefirebooter-20250621001146227_3.jar /Users/aviralsingh/Downloads/restAssured_apiAutomation/target/surefire 2025-06-21T00-11-46_182-jvmRun1 surefire-20250621001146227_1tmp surefire_0-20250621001146227_2tmp"/>
    <property name="http.nonProxyHosts" value="local|*.local|169.254/16|*.169.254/16"/>
    <property name="jdk.debug" value="release"/>
    <property name="surefire.test.class.path" value="/Users/aviralsingh/Downloads/restAssured_apiAutomation/target/test-classes:/Users/aviralsingh/Downloads/restAssured_apiAutomation/target/classes:/Users/aviralsingh/.m2/repository/io/rest-assured/rest-assured/5.4.0/rest-assured-5.4.0.jar:/Users/aviralsingh/.m2/repository/org/apache/groovy/groovy/4.0.16/groovy-4.0.16.jar:/Users/aviralsingh/.m2/repository/org/apache/groovy/groovy-xml/4.0.16/groovy-xml-4.0.16.jar:/Users/aviralsingh/.m2/repository/org/apache/httpcomponents/httpclient/4.5.13/httpclient-4.5.13.jar:/Users/aviralsingh/.m2/repository/org/apache/httpcomponents/httpcore/4.4.13/httpcore-4.4.13.jar:/Users/aviralsingh/.m2/repository/commons-logging/commons-logging/1.2/commons-logging-1.2.jar:/Users/aviralsingh/.m2/repository/commons-codec/commons-codec/1.11/commons-codec-1.11.jar:/Users/aviralsingh/.m2/repository/org/apache/httpcomponents/httpmime/4.5.13/httpmime-4.5.13.jar:/Users/aviralsingh/.m2/repository/org/hamcrest/hamcrest/2.2/hamcrest-2.2.jar:/Users/aviralsingh/.m2/repository/org/ccil/cowan/tagsoup/tagsoup/1.2.1/tagsoup-1.2.1.jar:/Users/aviralsingh/.m2/repository/io/rest-assured/json-path/5.4.0/json-path-5.4.0.jar:/Users/aviralsingh/.m2/repository/org/apache/groovy/groovy-json/4.0.16/groovy-json-4.0.16.jar:/Users/aviralsingh/.m2/repository/io/rest-assured/rest-assured-common/5.4.0/rest-assured-common-5.4.0.jar:/Users/aviralsingh/.m2/repository/io/rest-assured/xml-path/5.4.0/xml-path-5.4.0.jar:/Users/aviralsingh/.m2/repository/org/testng/testng/7.10.1/testng-7.10.1.jar:/Users/aviralsingh/.m2/repository/org/slf4j/slf4j-api/1.7.36/slf4j-api-1.7.36.jar:/Users/aviralsingh/.m2/repository/com/beust/jcommander/1.82/jcommander-1.82.jar:/Users/aviralsingh/.m2/repository/org/webjars/jquery/3.7.1/jquery-3.7.1.jar:/Users/aviralsingh/.m2/repository/com/fasterxml/jackson/core/jackson-databind/2.17.1/jackson-databind-2.17.1.jar:/Users/aviralsingh/.m2/repository/com/fasterxml/jackson/core/jackson-annotations/2.17.1/jackson-annotations-2.17.1.jar:/Users/aviralsingh/.m2/repository/com/fasterxml/jackson/core/jackson-core/2.17.1/jackson-core-2.17.1.jar:/Users/aviralsingh/.m2/repository/org/apache/logging/log4j/log4j-api/2.22.1/log4j-api-2.22.1.jar:/Users/aviralsingh/.m2/repository/org/apache/logging/log4j/log4j-core/2.22.1/log4j-core-2.22.1.jar:/Users/aviralsingh/.m2/repository/org/apache/poi/poi-ooxml/5.2.5/poi-ooxml-5.2.5.jar:/Users/aviralsingh/.m2/repository/org/apache/poi/poi/5.2.5/poi-5.2.5.jar:/Users/aviralsingh/.m2/repository/org/apache/commons/commons-math3/3.6.1/commons-math3-3.6.1.jar:/Users/aviralsingh/.m2/repository/com/zaxxer/SparseBitSet/1.3/SparseBitSet-1.3.jar:/Users/aviralsingh/.m2/repository/org/apache/poi/poi-ooxml-lite/5.2.5/poi-ooxml-lite-5.2.5.jar:/Users/aviralsingh/.m2/repository/org/apache/xmlbeans/xmlbeans/5.2.0/xmlbeans-5.2.0.jar:/Users/aviralsingh/.m2/repository/org/apache/commons/commons-compress/1.25.0/commons-compress-1.25.0.jar:/Users/aviralsingh/.m2/repository/commons-io/commons-io/2.15.0/commons-io-2.15.0.jar:/Users/aviralsingh/.m2/repository/com/github/virtuald/curvesapi/1.08/curvesapi-1.08.jar:/Users/aviralsingh/.m2/repository/org/apache/commons/commons-collections4/4.4/commons-collections4-4.4.jar:/Users/aviralsingh/.m2/repository/com/opencsv/opencsv/5.9/opencsv-5.9.jar:/Users/aviralsingh/.m2/repository/org/apache/commons/commons-lang3/3.13.0/commons-lang3-3.13.0.jar:/Users/aviralsingh/.m2/repository/org/apache/commons/commons-text/1.11.0/commons-text-1.11.0.jar:/Users/aviralsingh/.m2/repository/commons-beanutils/commons-beanutils/1.9.4/commons-beanutils-1.9.4.jar:/Users/aviralsingh/.m2/repository/commons-collections/commons-collections/3.2.2/commons-collections-3.2.2.jar:/Users/aviralsingh/.m2/repository/org/slf4j/slf4j-simple/2.0.9/slf4j-simple-2.0.9.jar:/Users/aviralsingh/.m2/repository/io/qameta/allure/allure-testng/2.24.0/allure-testng-2.24.0.jar:/Users/aviralsingh/.m2/repository/io/qameta/allure/allure-java-commons/2.24.0/allure-java-commons-2.24.0.jar:/Users/aviralsingh/.m2/repository/io/qameta/allure/allure-model/2.24.0/allure-model-2.24.0.jar:/Users/aviralsingh/.m2/repository/io/qameta/allure/allure-test-filter/2.24.0/allure-test-filter-2.24.0.jar:/Users/aviralsingh/.m2/repository/com/squareup/okhttp3/okhttp/4.9.3/okhttp-4.9.3.jar:/Users/aviralsingh/.m2/repository/com/squareup/okio/okio/2.8.0/okio-2.8.0.jar:/Users/aviralsingh/.m2/repository/org/jetbrains/kotlin/kotlin-stdlib-common/1.4.0/kotlin-stdlib-common-1.4.0.jar:/Users/aviralsingh/.m2/repository/org/jetbrains/kotlin/kotlin-stdlib/1.4.10/kotlin-stdlib-1.4.10.jar:/Users/aviralsingh/.m2/repository/org/jetbrains/annotations/13.0/annotations-13.0.jar:/Users/aviralsingh/.m2/repository/org/json/json/20210307/json-20210307.jar:/Users/aviralsingh/.m2/repository/com/aventstack/extentreports/5.1.1/extentreports-5.1.1.jar:/Users/aviralsingh/.m2/repository/io/reactivex/rxjava3/rxjava/3.1.6/rxjava-3.1.6.jar:/Users/aviralsingh/.m2/repository/org/reactivestreams/reactive-streams/1.0.4/reactive-streams-1.0.4.jar:/Users/aviralsingh/.m2/repository/org/freemarker/freemarker/2.3.32/freemarker-2.3.32.jar:/Users/aviralsingh/.m2/repository/org/projectlombok/lombok/1.18.26/lombok-1.18.26.jar:/Users/aviralsingh/.m2/repository/com/google/code/gson/gson/2.10.1/gson-2.10.1.jar:"/>
    <property name="sun.cpu.endian" value="little"/>
    <property name="user.home" value="/Users/aviralsingh"/>
    <property name="user.language" value="en"/>
    <property name="java.specification.vendor" value="Oracle Corporation"/>
    <property name="java.version.date" value="2025-01-21"/>
    <property name="java.home" value="/opt/homebrew/Cellar/openjdk/23.0.2/libexec/openjdk.jdk/Contents/Home"/>
    <property name="file.separator" value="/"/>
    <property name="basedir" value="/Users/aviralsingh/Downloads/restAssured_apiAutomation"/>
    <property name="java.vm.compressedOopsMode" value="Zero based"/>
    <property name="line.separator" value="&#10;"/>
    <property name="java.vm.specification.vendor" value="Oracle Corporation"/>
    <property name="java.specification.name" value="Java Platform API Specification"/>
    <property name="apple.awt.application.name" value="ForkedBooter"/>
    <property name="surefire.real.class.path" value="/Users/aviralsingh/Downloads/restAssured_apiAutomation/target/surefire/surefirebooter-20250621001146227_3.jar"/>
    <property name="sun.management.compiler" value="HotSpot 64-Bit Tiered Compilers"/>
    <property name="ftp.nonProxyHosts" value="local|*.local|169.254/16|*.169.254/16"/>
    <property name="java.runtime.version" value="23.0.2"/>
    <property name="user.name" value="aviralsingh"/>
    <property name="stdout.encoding" value="US-ASCII"/>
    <property name="path.separator" value=":"/>
    <property name="os.version" value="14.3.1"/>
    <property name="java.runtime.name" value="OpenJDK Runtime Environment"/>
    <property name="file.encoding" value="UTF-8"/>
    <property name="java.vm.name" value="OpenJDK 64-Bit Server VM"/>
    <property name="java.vendor.version" value="Homebrew"/>
    <property name="localRepository" value="/Users/aviralsingh/.m2/repository"/>
    <property name="java.vendor.url.bug" value="https://github.com/Homebrew/homebrew-core/issues"/>
    <property name="java.io.tmpdir" value="/var/folders/vg/0z3hdymn68z8lqkjn8l2_9s00000gn/T/"/>
    <property name="java.version" value="23.0.2"/>
    <property name="user.dir" value="/Users/aviralsingh/Downloads/restAssured_apiAutomation"/>
    <property name="os.arch" value="aarch64"/>
    <property name="java.vm.specification.name" value="Java Virtual Machine Specification"/>
    <property name="native.encoding" value="US-ASCII"/>
    <property name="java.library.path" value="/Users/aviralsingh/Library/Java/Extensions:/Library/Java/Extensions:/Network/Library/Java/Extensions:/System/Library/Java/Extensions:/usr/lib/java:."/>
    <property name="java.vm.info" value="mixed mode, sharing"/>
    <property name="stderr.encoding" value="US-ASCII"/>
    <property name="java.vendor" value="Homebrew"/>
    <property name="java.vm.version" value="23.0.2"/>
    <property name="sun.io.unicode.encoding" value="UnicodeBig"/>
    <property name="socksNonProxyHosts" value="local|*.local|169.254/16|*.169.254/16"/>
    <property name="java.class.version" value="67.0"/>
  </properties>
  <testcase name="testLogin[testuser@example.com, test1234](1)" classname="ReqResAutomation.postAPIAgeniticAITest" time="1.472">
    <system-out><![CDATA[User Input:Write a prompt to test and api which have email and password as input, write test cases accordingly, so that i can fetch my data also from prompt
Generated Prompt:Return a JSON array of test cases for the following API description: "Write a prompt to test and api which have email and password as input, write test cases accordingly, so that i can fetch my data also from prompt". Each test case should be a JSON object containing only relevant input fields. Return only the JSON array. Do not include explanations or extra text.
Raw JSON response:
[
  {
    "email": "testuser@example.com",
    "password": "test1234"
  },
  {
    "email": "another_testuser@example.com",
    "password": "another_test1234"
  },
  {
    "email": "correctUser@example.com",
    "password": "userPassword"
  }
]
Testing: {"password":"test1234","email":"testuser@example.com"}
Status: 400
Response: {"error":"user not found"}
--------------------------------------
]]></system-out>
    <system-err><![CDATA[SLF4J: Failed to load class "org.slf4j.impl.StaticLoggerBinder".
SLF4J: Defaulting to no-operation (NOP) logger implementation
SLF4J: See http://www.slf4j.org/codes.html#StaticLoggerBinder for further details.
]]></system-err>
  </testcase>
  <testcase name="testLogin[another_testuser@example.com, another_test1234](2)" classname="ReqResAutomation.postAPIAgeniticAITest" time="0.403">
    <system-out><![CDATA[Testing: {"password":"another_test1234","email":"another_testuser@example.com"}
Status: 400
Response: {"error":"user not found"}
--------------------------------------
]]></system-out>
  </testcase>
  <testcase name="testLogin[correctUser@example.com, userPassword](3)" classname="ReqResAutomation.postAPIAgeniticAITest" time="0.48">
    <system-out><![CDATA[Testing: {"password":"userPassword","email":"correctUser@example.com"}
Status: 400
Response: {"error":"user not found"}
--------------------------------------
]]></system-out>
  </testcase>
</testsuite>