<?xml version="1.0" encoding="UTF-8"?>
<!-- Generated by org.testng.reporters.JUnitReportReporter -->
<testsuite hostname="Avirals-MacBook-Air.local" failures="0" tests="3" name="ReqResAutomation.postAPIAgeniticAITest" time="2.322" errors="0" timestamp="2025-06-21T00:12:07 IST" skipped="0">
  <testcase classname="ReqResAutomation.postAPIAgeniticAITest" name="testLogin" time="1.424"/>
  <testcase classname="ReqResAutomation.postAPIAgeniticAITest" name="testLogin" time="0.479"/>
  <testcase classname="ReqResAutomation.postAPIAgeniticAITest" name="testLogin" time="0.419"/>
</testsuite> <!-- ReqResAutomation.postAPIAgeniticAITest -->
